[debug] [2023-01-15T04:00:09.712Z] ----------------------------------------------------------------------
[debug] [2023-01-15T04:00:09.714Z] Command:       C:\Program Files\nodejs\node.exe C:\Users\Usuario\AppData\Roaming\npm\node_modules\firebase-tools\lib\bin\firebase.js init
[debug] [2023-01-15T04:00:09.715Z] CLI Version:   11.20.0
[debug] [2023-01-15T04:00:09.715Z] Platform:      win32
[debug] [2023-01-15T04:00:09.716Z] Node Version:  v16.13.0
[debug] [2023-01-15T04:00:09.717Z] Time:          Sat Jan 14 2023 23:00:09 GMT-0500 (hora estándar de Perú)
[debug] [2023-01-15T04:00:09.717Z] ----------------------------------------------------------------------
[debug] 
[debug] [2023-01-15T04:00:09.733Z] > command requires scopes: ["email","openid","https://www.googleapis.com/auth/cloudplatformprojects.readonly","https://www.googleapis.com/auth/firebase","https://www.googleapis.com/auth/cloud-platform"]
[debug] [2023-01-15T04:00:09.733Z] > authorizing via signed-in user (engshka123@gmail.com)
[info] 
     ######## #### ########  ######## ########     ###     ######  ########
     ##        ##  ##     ## ##       ##     ##  ##   ##  ##       ##
     ######    ##  ########  ######   ########  #########  ######  ######
     ##        ##  ##    ##  ##       ##     ## ##     ##       ## ##
     ##       #### ##     ## ######## ########  ##     ##  ######  ########

You're about to initialize a Firebase project in this directory:

  C:\Users\Usuario\Documents\ABRIK\Grupo Contable FILES\accounting-group-website-frontend

[info] 
=== Project Setup
[info] 
[info] First, let's associate this project directory with a Firebase project.
[info] You can create multiple project aliases by running firebase use --add, 
[info] but for now we'll just set up a default project.
[info] 
[debug] [2023-01-15T04:01:44.423Z] >>> [apiv2][query] GET https://firebase.googleapis.com/v1beta1/projects pageSize=100
[debug] [2023-01-15T04:01:46.345Z] <<< [apiv2][status] GET https://firebase.googleapis.com/v1beta1/projects 200
[debug] [2023-01-15T04:01:46.345Z] <<< [apiv2][body] GET https://firebase.googleapis.com/v1beta1/projects [omitted]
[info] i  Using project grupo-contable-frontend-test (grupo-contable-frontend-test) 
[info] 
=== Database Setup
[info] i  database: ensuring required API firebasedatabase.googleapis.com is enabled... 
[debug] [2023-01-15T04:02:17.871Z] >>> [apiv2][query] GET https://serviceusage.googleapis.com/v1/projects/grupo-contable-frontend-test/services/firebasedatabase.googleapis.com [none]
[debug] [2023-01-15T04:02:17.871Z] >>> [apiv2][(partial)header] GET https://serviceusage.googleapis.com/v1/projects/grupo-contable-frontend-test/services/firebasedatabase.googleapis.com x-goog-quota-user=projects/grupo-contable-frontend-test
[debug] [2023-01-15T04:02:19.437Z] <<< [apiv2][status] GET https://serviceusage.googleapis.com/v1/projects/grupo-contable-frontend-test/services/firebasedatabase.googleapis.com 200
[debug] [2023-01-15T04:02:19.438Z] <<< [apiv2][body] GET https://serviceusage.googleapis.com/v1/projects/grupo-contable-frontend-test/services/firebasedatabase.googleapis.com [omitted]
[warn] !  database: missing required API firebasedatabase.googleapis.com. Enabling now... 
[debug] [2023-01-15T04:02:19.439Z] >>> [apiv2][query] POST https://serviceusage.googleapis.com/v1/projects/grupo-contable-frontend-test/services/firebasedatabase.googleapis.com:enable [none]
[debug] [2023-01-15T04:02:19.439Z] >>> [apiv2][(partial)header] POST https://serviceusage.googleapis.com/v1/projects/grupo-contable-frontend-test/services/firebasedatabase.googleapis.com:enable x-goog-quota-user=projects/grupo-contable-frontend-test
[debug] [2023-01-15T04:02:22.069Z] <<< [apiv2][status] POST https://serviceusage.googleapis.com/v1/projects/grupo-contable-frontend-test/services/firebasedatabase.googleapis.com:enable 200
[debug] [2023-01-15T04:02:22.069Z] <<< [apiv2][body] POST https://serviceusage.googleapis.com/v1/projects/grupo-contable-frontend-test/services/firebasedatabase.googleapis.com:enable [omitted]
[debug] [2023-01-15T04:02:32.083Z] >>> [apiv2][query] GET https://serviceusage.googleapis.com/v1/projects/grupo-contable-frontend-test/services/firebasedatabase.googleapis.com [none]
[debug] [2023-01-15T04:02:32.083Z] >>> [apiv2][(partial)header] GET https://serviceusage.googleapis.com/v1/projects/grupo-contable-frontend-test/services/firebasedatabase.googleapis.com x-goog-quota-user=projects/grupo-contable-frontend-test
[debug] [2023-01-15T04:02:33.643Z] <<< [apiv2][status] GET https://serviceusage.googleapis.com/v1/projects/grupo-contable-frontend-test/services/firebasedatabase.googleapis.com 200
[debug] [2023-01-15T04:02:33.643Z] <<< [apiv2][body] GET https://serviceusage.googleapis.com/v1/projects/grupo-contable-frontend-test/services/firebasedatabase.googleapis.com [omitted]
[info] +  database: required API firebasedatabase.googleapis.com is enabled 
[info] 
[debug] [2023-01-15T04:02:33.651Z] >>> [apiv2][query] GET https://firebase.googleapis.com/v1beta1/projects/grupo-contable-frontend-test [none]
[debug] [2023-01-15T04:02:34.727Z] <<< [apiv2][status] GET https://firebase.googleapis.com/v1beta1/projects/grupo-contable-frontend-test 200
[debug] [2023-01-15T04:02:34.728Z] <<< [apiv2][body] GET https://firebase.googleapis.com/v1beta1/projects/grupo-contable-frontend-test {"projectId":"grupo-contable-frontend-test","projectNumber":"84542820398","displayName":"grupo-contable-frontend-test","name":"projects/grupo-contable-frontend-test","resources":{"hostingSite":"grupo-contable-frontend-test"},"state":"ACTIVE","etag":"1_160a845a-b83f-4cc8-8dc5-26c0d1ccfc3f"}
[debug] [2023-01-15T04:03:06.792Z] >>> [apiv2][query] POST https://firebasedatabase.googleapis.com/v1beta/projects/grupo-contable-frontend-test/locations/us-central1/instances databaseId=grupo-contable-frontend-test-default-rtdb&validateOnly=true
[debug] [2023-01-15T04:03:06.792Z] >>> [apiv2][body] POST https://firebasedatabase.googleapis.com/v1beta/projects/grupo-contable-frontend-test/locations/us-central1/instances {"type":"default_database"}
[debug] [2023-01-15T04:03:08.195Z] <<< [apiv2][status] POST https://firebasedatabase.googleapis.com/v1beta/projects/grupo-contable-frontend-test/locations/us-central1/instances 200
[debug] [2023-01-15T04:03:08.195Z] <<< [apiv2][body] POST https://firebasedatabase.googleapis.com/v1beta/projects/grupo-contable-frontend-test/locations/us-central1/instances {"name":"projects/84542820398/locations/us-central1/instances/grupo-contable-frontend-test-default-rtdb","project":"projects/84542820398","databaseUrl":"https://grupo-contable-frontend-test-default-rtdb.firebaseio.com","type":"DEFAULT_DATABASE","state":"ACTIVE"}
[debug] [2023-01-15T04:03:08.198Z] >>> [apiv2][query] POST https://firebasedatabase.googleapis.com/v1beta/projects/grupo-contable-frontend-test/locations/us-central1/instances databaseId=grupo-contable-frontend-test-default-rtdb
[debug] [2023-01-15T04:03:08.199Z] >>> [apiv2][body] POST https://firebasedatabase.googleapis.com/v1beta/projects/grupo-contable-frontend-test/locations/us-central1/instances {"type":"default_database"}
[debug] [2023-01-15T04:03:10.007Z] <<< [apiv2][status] POST https://firebasedatabase.googleapis.com/v1beta/projects/grupo-contable-frontend-test/locations/us-central1/instances 200
[debug] [2023-01-15T04:03:10.007Z] <<< [apiv2][body] POST https://firebasedatabase.googleapis.com/v1beta/projects/grupo-contable-frontend-test/locations/us-central1/instances {"name":"projects/84542820398/locations/us-central1/instances/grupo-contable-frontend-test-default-rtdb","project":"projects/84542820398","databaseUrl":"https://grupo-contable-frontend-test-default-rtdb.firebaseio.com","type":"DEFAULT_DATABASE","state":"ACTIVE"}
[info] 
[info] Firebase Realtime Database Security Rules allow you to define how your data should be
[info] structured and when your data can be read from and written to.
[info] 
[debug] [2023-01-15T04:03:12.044Z] >>> [apiv2][query] GET https://grupo-contable-frontend-test-default-rtdb.firebaseio.com/.settings/rules.json [none]
[debug] [2023-01-15T04:03:13.442Z] <<< [apiv2][status] GET https://grupo-contable-frontend-test-default-rtdb.firebaseio.com/.settings/rules.json 200
[debug] [2023-01-15T04:03:13.442Z] <<< [apiv2][body] GET https://grupo-contable-frontend-test-default-rtdb.firebaseio.com/.settings/rules.json [stream]
[info] +  Database Rules for grupo-contable-frontend-test-default-rtdb have been written to database.rules.json. 
[info] Future modifications to database.rules.json will update Realtime Database Security Rules when you run
[info] firebase deploy.
[info] 
=== Hosting Setup
[info] 
[info] Your public directory is the folder (relative to your project directory) that
[info] will contain Hosting assets to be uploaded with firebase deploy. If you
[info] have a build process for your assets, use your build's output directory.
[info] 
